\BOOKMARK [1][-]{section.1}{\376\377\000D\000e\000s\000c\000r\000i\000z\000i\000o\000n\000e\000\040\000d\000e\000l\000\040\000p\000r\000o\000d\000o\000t\000t\000o}{}% 1
\BOOKMARK [2][-]{subsection.1.1}{\376\377\000C\000a\000r\000a\000t\000t\000e\000r\000i\000s\000t\000i\000c\000h\000e\000\040\000u\000t\000e\000n\000t\000e}{section.1}% 2
\BOOKMARK [2][-]{subsection.1.2}{\376\377\000O\000b\000i\000e\000t\000t\000i\000v\000i\000\040\000d\000e\000l\000\040\000p\000r\000o\000d\000o\000t\000t\000o}{section.1}% 3
\BOOKMARK [2][-]{subsection.1.3}{\376\377\000F\000u\000n\000z\000i\000o\000n\000i\000\040\000d\000e\000l\000\040\000p\000r\000o\000d\000o\000t\000t\000o}{section.1}% 4
\BOOKMARK [1][-]{section.2}{\376\377\000U\000s\000e\000\040\000c\000a\000s\000e}{}% 5
\BOOKMARK [2][-]{subsection.2.1}{\376\377\000D\000e\000s\000c\000r\000i\000z\000i\000o\000n\000e\000\040\000U\000s\000e\000\040\000C\000a\000s\000e}{section.2}% 6
\BOOKMARK [1][-]{section.3}{\376\377\000R\000e\000q\000u\000i\000s\000i\000t\000i\000\040\000S\000o\000f\000t\000w\000a\000r\000e}{}% 7
\BOOKMARK [2][-]{subsection.3.1}{\376\377\000R\000e\000q\000u\000i\000s\000i\000t\000i\000\040\000f\000u\000n\000z\000i\000o\000n\000a\000l\000i}{section.3}% 8
\BOOKMARK [3][-]{subsubsection.3.1.1}{\376\377\000L\000o\000g\000i\000c\000a\000\040\000d\000i\000\040\000p\000r\000e\000s\000e\000n\000t\000a\000z\000i\000o\000n\000e}{subsection.3.1}% 9
\BOOKMARK [4][-]{paragraph.3.1.1.1}{\376\377\000O\000b\000b\000l\000i\000g\000a\000t\000o\000r\000i}{subsubsection.3.1.1}% 10
\BOOKMARK [4][-]{paragraph.3.1.1.2}{\376\377\000F\000a\000c\000o\000l\000t\000a\000t\000i\000v\000i}{subsubsection.3.1.1}% 11
\BOOKMARK [3][-]{subsubsection.3.1.2}{\376\377\000L\000o\000g\000i\000c\000a\000\040\000d\000i\000\040\000b\000u\000s\000i\000n\000e\000s\000s}{subsection.3.1}% 12
\BOOKMARK [4][-]{paragraph.3.1.2.1}{\376\377\000O\000b\000b\000l\000i\000g\000a\000t\000o\000r\000i}{subsubsection.3.1.2}% 13
\BOOKMARK [4][-]{paragraph.3.1.2.2}{\376\377\000F\000a\000c\000o\000l\000t\000a\000t\000i\000v\000i}{subsubsection.3.1.2}% 14
\BOOKMARK [2][-]{subsection.3.2}{\376\377\000R\000e\000q\000u\000i\000s\000i\000t\000i\000\040\000n\000o\000n\000\040\000f\000u\000n\000z\000i\000o\000n\000a\000l\000i}{section.3}% 15
\BOOKMARK [3][-]{subsubsection.3.2.1}{\376\377\000R\000e\000q\000u\000i\000s\000i\000t\000i\000\040\000d\000i\000\040\000v\000i\000n\000c\000o\000l\000o}{subsection.3.2}% 16
\BOOKMARK [4][-]{paragraph.3.2.1.1}{\376\377\000O\000b\000b\000l\000i\000g\000a\000t\000o\000r\000i}{subsubsection.3.2.1}% 17
\BOOKMARK [3][-]{subsubsection.3.2.2}{\376\377\000R\000e\000q\000u\000i\000s\000i\000t\000i\000\040\000d\000i\000\040\000q\000u\000a\000l\000i\000t\000\340}{subsection.3.2}% 18
\BOOKMARK [4][-]{paragraph.3.2.2.1}{\376\377\000O\000b\000b\000l\000i\000g\000a\000t\000o\000r\000i}{subsubsection.3.2.2}% 19
\BOOKMARK [4][-]{paragraph.3.2.2.2}{\376\377\000F\000a\000c\000o\000l\000t\000a\000t\000i\000v\000i}{subsubsection.3.2.2}% 20
